2020-05-07 17:46:24.548  INFO 1328 --- [main] gilgProjectLnfoInExternalFileApplication : Starting LoggilgProjectLnfoInExternalFileApplication on DESKTOP-1FQHMS0 with PID 1328 (C:\Users\Owner\java-8-docker\loggilg-project-lnfo-in-external-file\target\classes started by Owner in C:\Users\Owner\java-8-docker\loggilg-project-lnfo-in-external-file)
2020-05-07 17:46:24.553  INFO 1328 --- [main] gilgProjectLnfoInExternalFileApplication : No active profile set, falling back to default profiles: default
2020-05-07 17:46:24.604  INFO 1328 --- [main] ConfigServletWebServerApplicationContext : Refreshing org.springframework.boot.web.servlet.context.AnnotationConfigServletWebServerApplicationContext@59d016c9: startup date [Thu May 07 17:46:24 BST 2020]; root of context hierarchy
2020-05-07 17:46:25.795  INFO 1328 --- [main] trationDelegate$BeanPostProcessorChecker : Bean 'org.springframework.transaction.annotation.ProxyTransactionManagementConfiguration' of type [org.springframework.transaction.annotation.ProxyTransactionManagementConfiguration$$EnhancerBySpringCGLIB$$eb15e913] is not eligible for getting processed by all BeanPostProcessors (for example: not eligible for auto-proxying)
2020-05-07 17:46:26.720  INFO 1328 --- [main] o.s.b.w.embedded.tomcat.TomcatWebServer  : Tomcat initialized with port(s): 9090 (http)
2020-05-07 17:46:26.754  INFO 1328 --- [main] o.apache.catalina.core.StandardService   : Starting service [Tomcat]
2020-05-07 17:46:26.754  INFO 1328 --- [main] org.apache.catalina.core.StandardEngine  : Starting Servlet Engine: Apache Tomcat/8.5.34
2020-05-07 17:46:26.764  INFO 1328 --- [localhost-startStop-1] o.a.catalina.core.AprLifecycleListener   : The APR based Apache Tomcat Native library which allows optimal performance in production environments was not found on the java.library.path: [C:\Program Files\Java\jre1.8.0_192\bin;C:\WINDOWS\Sun\Java\bin;C:\WINDOWS\system32;C:\WINDOWS;C:/Program Files/Java/jre1.8.0_192/bin/server;C:/Program Files/Java/jre1.8.0_192/bin;C:/Program Files/Java/jre1.8.0_192/lib/amd64;C:\Program Files\Java\jdk-12.0.1\bin;C:\Program Files\IBM\MQ\java\lib;C:\Program Files\IBM\MQ\java\lib64;C:\Program Files (x86)\Intel\Intel(R) Management Engine Components\iCLS\;C:\Program Files\Intel\Intel(R) Management Engine Components\iCLS\;C:\WINDOWS\system32;C:\WINDOWS;C:\WINDOWS\System32\Wbem;C:\WINDOWS\System32\WindowsPowerShell\v1.0\;C:\WINDOWS\System32\OpenSSH\;C:\Program Files (x86)\Intel\Intel(R) Management Engine Components\DAL;C:\Program Files\Intel\Intel(R) Management Engine Components\DAL;C:\Program Files (x86)\Intel\Intel(R) Management Engine Components\IPT;C:\Program Files\Intel\Intel(R) Management Engine Components\IPT;C:\Program Files (x86)\Java\jdk1.8.0_241\bin;C:\Program Files\Apache Software Foundation\apache-maven-3.6.0\bin;C:\Users\Owner;C:\Program Files\PuTTY\;C:\Program Files\IBM\MQ\bin64;C:\Program Files\IBM\MQ\bin;C:\Program Files\IBM\MQ\tools\c\samples\bin64;C:\Program Files\IBM\MQ\tools\c\samples\bin;C:\Program Files\Git\cmd;C:\Program Files\nodejs\;C:\ProgramData\chocolatey\bin;C:\apache-zookeeper-3.6.0-bin\bin;C:\kafka_2.13-2.4.1\bin\windows;C:\Program Files\Docker\Docker\resources\bin;C:\ProgramData\DockerDesktop\version-bin;C:\Python27;C:\Users\Owner\AppData\Local\Programs\Python\Python37\Scripts\;C:\Users\Owner\AppData\Local\Programs\Python\Python37\;C:\Program Files\MySQL\MySQL Shell 8.0\bin\;C:\Program Files\Docker Toolbox;C:\Program Files\Docker Toolbox;C:\Users\Owner\AppData\Roaming\npm;C:\Users\Owner\AppData\Local\Programs\Microsoft VS Code\bin;C:\kafka_2.13-2.4.1\bin\windows;C:\Python27;C:\Program Files\JetBrains\PyCharm Community Edition 2020.1\bin;;;C:\Users\Owner\eclipse\jee-2018-123\eclipse;;.]
2020-05-07 17:46:26.875  INFO 1328 --- [localhost-startStop-1] o.a.c.c.C.[Tomcat].[localhost].[/]       : Initializing Spring embedded WebApplicationContext
2020-05-07 17:46:26.875  INFO 1328 --- [localhost-startStop-1] o.s.web.context.ContextLoader            : Root WebApplicationContext: initialization completed in 2271 ms
2020-05-07 17:46:26.976  INFO 1328 --- [localhost-startStop-1] o.s.b.w.servlet.ServletRegistrationBean  : Servlet dispatcherServlet mapped to [/]
2020-05-07 17:46:26.977  INFO 1328 --- [localhost-startStop-1] o.s.b.w.servlet.ServletRegistrationBean  : Servlet webServlet mapped to [/h2/*]
2020-05-07 17:46:26.980  INFO 1328 --- [localhost-startStop-1] o.s.b.w.servlet.FilterRegistrationBean   : Mapping filter: 'characterEncodingFilter' to: [/*]
2020-05-07 17:46:26.980  INFO 1328 --- [localhost-startStop-1] o.s.b.w.servlet.FilterRegistrationBean   : Mapping filter: 'hiddenHttpMethodFilter' to: [/*]
2020-05-07 17:46:26.981  INFO 1328 --- [localhost-startStop-1] o.s.b.w.servlet.FilterRegistrationBean   : Mapping filter: 'httpPutFormContentFilter' to: [/*]
2020-05-07 17:46:26.981  INFO 1328 --- [localhost-startStop-1] o.s.b.w.servlet.FilterRegistrationBean   : Mapping filter: 'requestContextFilter' to: [/*]
2020-05-07 17:46:27.163  INFO 1328 --- [main] com.zaxxer.hikari.HikariDataSource       : HikariPool-1 - Starting...
2020-05-07 17:46:27.372  INFO 1328 --- [main] com.zaxxer.hikari.HikariDataSource       : HikariPool-1 - Start completed.
2020-05-07 17:46:27.423  INFO 1328 --- [main] j.LocalContainerEntityManagerFactoryBean : Building JPA container EntityManagerFactory for persistence unit 'default'
2020-05-07 17:46:27.451  INFO 1328 --- [main] o.hibernate.jpa.internal.util.LogHelper  : HHH000204: Processing PersistenceUnitInfo [
	name: default
	...]
2020-05-07 17:46:27.541  INFO 1328 --- [main] org.hibernate.Version                    : HHH000412: Hibernate Core {5.2.17.Final}
2020-05-07 17:46:27.542  INFO 1328 --- [main] org.hibernate.cfg.Environment            : HHH000206: hibernate.properties not found
2020-05-07 17:46:27.586  INFO 1328 --- [main] o.hibernate.annotations.common.Version   : HCANN000001: Hibernate Commons Annotations {5.0.1.Final}
2020-05-07 17:46:27.717  INFO 1328 --- [main] org.hibernate.dialect.Dialect            : HHH000400: Using dialect: org.hibernate.dialect.H2Dialect
2020-05-07 17:46:28.258  INFO 1328 --- [main] j.LocalContainerEntityManagerFactoryBean : Initialized JPA EntityManagerFactory for persistence unit 'default'
2020-05-07 17:46:28.602  INFO 1328 --- [main] o.s.w.s.handler.SimpleUrlHandlerMapping  : Mapped URL path [/**/favicon.ico] onto handler of type [class org.springframework.web.servlet.resource.ResourceHttpRequestHandler]
2020-05-07 17:46:28.830  INFO 1328 --- [main] s.w.s.m.m.a.RequestMappingHandlerAdapter : Looking for @ControllerAdvice: org.springframework.boot.web.servlet.context.AnnotationConfigServletWebServerApplicationContext@59d016c9: startup date [Thu May 07 17:46:24 BST 2020]; root of context hierarchy
2020-05-07 17:46:28.876  WARN 1328 --- [main] aWebConfiguration$JpaWebMvcConfiguration : spring.jpa.open-in-view is enabled by default. Therefore, database queries may be performed during view rendering. Explicitly configure spring.jpa.open-in-view to disable this warning
2020-05-07 17:46:28.914  INFO 1328 --- [main] s.w.s.m.m.a.RequestMappingHandlerMapping : Mapped "{[/all/persons],methods=[GET]}" onto public java.util.List<com.example.demo.model.Person> com.example.demo.controller.PersonController.findAll()
2020-05-07 17:46:28.916  INFO 1328 --- [main] s.w.s.m.m.a.RequestMappingHandlerMapping : Mapped "{[/error]}" onto public org.springframework.http.ResponseEntity<java.util.Map<java.lang.String, java.lang.Object>> org.springframework.boot.autoconfigure.web.servlet.error.BasicErrorController.error(javax.servlet.http.HttpServletRequest)
2020-05-07 17:46:28.917  INFO 1328 --- [main] s.w.s.m.m.a.RequestMappingHandlerMapping : Mapped "{[/error],produces=[text/html]}" onto public org.springframework.web.servlet.ModelAndView org.springframework.boot.autoconfigure.web.servlet.error.BasicErrorController.errorHtml(javax.servlet.http.HttpServletRequest,javax.servlet.http.HttpServletResponse)
2020-05-07 17:46:28.941  INFO 1328 --- [main] o.s.w.s.handler.SimpleUrlHandlerMapping  : Mapped URL path [/webjars/**] onto handler of type [class org.springframework.web.servlet.resource.ResourceHttpRequestHandler]
2020-05-07 17:46:28.941  INFO 1328 --- [main] o.s.w.s.handler.SimpleUrlHandlerMapping  : Mapped URL path [/**] onto handler of type [class org.springframework.web.servlet.resource.ResourceHttpRequestHandler]
2020-05-07 17:46:29.199  INFO 1328 --- [main] o.s.j.e.a.AnnotationMBeanExporter        : Registering beans for JMX exposure on startup
2020-05-07 17:46:29.201  INFO 1328 --- [main] o.s.j.e.a.AnnotationMBeanExporter        : Bean with name 'dataSource' has been autodetected for JMX exposure
2020-05-07 17:46:29.208  INFO 1328 --- [main] o.s.j.e.a.AnnotationMBeanExporter        : Located MBean 'dataSource': registering with JMX server as MBean [com.zaxxer.hikari:name=dataSource,type=HikariDataSource]
2020-05-07 17:46:29.257  INFO 1328 --- [main] o.s.b.w.embedded.tomcat.TomcatWebServer  : Tomcat started on port(s): 9090 (http) with context path ''
2020-05-07 17:46:29.262  INFO 1328 --- [main] gilgProjectLnfoInExternalFileApplication : Started LoggilgProjectLnfoInExternalFileApplication in 5.124 seconds (JVM running for 5.581)
2020-05-07 17:46:29.265  INFO 1328 --- [main] gilgProjectLnfoInExternalFileApplication : Person [firstName=conroy, lastname= white, address=32 marstan avenue, email=conroyaw@gmail.com, number=079320145678]
2020-05-07 17:46:29.337  INFO 1328 --- [main] gilgProjectLnfoInExternalFileApplication : Person [firstName=timothy, lastname= white, address=florida, email=timothyTw@gmail.com, number=079320145462]
2020-05-07 17:46:29.339  INFO 1328 --- [main] gilgProjectLnfoInExternalFileApplication : Person [firstName=victor, lastname= white, address=wembley, email=victyoraw@gmail.com, number=0793207894]
2020-05-07 17:46:29.341  INFO 1328 --- [main] gilgProjectLnfoInExternalFileApplication : Person [firstName=Stephen, lastname= white, address=luton, email=stephen@gmail.com, number=0793207890]
2020-05-07 17:46:29.343  INFO 1328 --- [main] gilgProjectLnfoInExternalFileApplication : Person [firstName=louise, lastname= blackwood, address=watford, email=louise@gmail.com, number=079320146398]
2020-05-07 17:46:29.345  INFO 1328 --- [main] gilgProjectLnfoInExternalFileApplication : Person [firstName=carol, lastname= wjohnson, address=mandevill Jamaicca, email=carol@gmail.com, number=079320147418]
2020-05-07 17:46:29.346  INFO 1328 --- [main] gilgProjectLnfoInExternalFileApplication : Person [firstName=delroy, lastname= white, address=leicester, email=delroy@gmail.com, number=079320142589]
2020-05-07 17:46:29.348  INFO 1328 --- [main] gilgProjectLnfoInExternalFileApplication : Person [firstName=alin, lastname= just, address=new york, email=alvin@gmail.com, number=079320142369]
2020-05-07 17:46:29.350  INFO 1328 --- [main] gilgProjectLnfoInExternalFileApplication : Person [firstName=fitzroy, lastname= white, address=edgware, email=fitzroy@gmail.com, number=079320148794]
2020-05-07 17:47:21.939  INFO 15500 --- [main] gilgProjectLnfoInExternalFileApplication : Starting LoggilgProjectLnfoInExternalFileApplication on DESKTOP-1FQHMS0 with PID 15500 (C:\Users\Owner\java-8-docker\loggilg-project-lnfo-in-external-file\target\classes started by Owner in C:\Users\Owner\java-8-docker\loggilg-project-lnfo-in-external-file)
2020-05-07 17:47:21.943  INFO 15500 --- [main] gilgProjectLnfoInExternalFileApplication : No active profile set, falling back to default profiles: default
2020-05-07 17:47:21.985  INFO 15500 --- [main] ConfigServletWebServerApplicationContext : Refreshing org.springframework.boot.web.servlet.context.AnnotationConfigServletWebServerApplicationContext@1f3f4916: startup date [Thu May 07 17:47:21 BST 2020]; root of context hierarchy
2020-05-07 17:47:23.164  INFO 15500 --- [main] trationDelegate$BeanPostProcessorChecker : Bean 'org.springframework.transaction.annotation.ProxyTransactionManagementConfiguration' of type [org.springframework.transaction.annotation.ProxyTransactionManagementConfiguration$$EnhancerBySpringCGLIB$$b3706c02] is not eligible for getting processed by all BeanPostProcessors (for example: not eligible for auto-proxying)
2020-05-07 17:47:24.068  INFO 15500 --- [main] o.s.b.w.embedded.tomcat.TomcatWebServer  : Tomcat initialized with port(s): 9090 (http)
2020-05-07 17:47:24.096  INFO 15500 --- [main] o.apache.catalina.core.StandardService   : Starting service [Tomcat]
2020-05-07 17:47:24.096  INFO 15500 --- [main] org.apache.catalina.core.StandardEngine  : Starting Servlet Engine: Apache Tomcat/8.5.34
2020-05-07 17:47:24.107  INFO 15500 --- [localhost-startStop-1] o.a.catalina.core.AprLifecycleListener   : The APR based Apache Tomcat Native library which allows optimal performance in production environments was not found on the java.library.path: [C:\Program Files\Java\jre1.8.0_192\bin;C:\WINDOWS\Sun\Java\bin;C:\WINDOWS\system32;C:\WINDOWS;C:/Program Files/Java/jre1.8.0_192/bin/server;C:/Program Files/Java/jre1.8.0_192/bin;C:/Program Files/Java/jre1.8.0_192/lib/amd64;C:\Program Files\Java\jdk-12.0.1\bin;C:\Program Files\IBM\MQ\java\lib;C:\Program Files\IBM\MQ\java\lib64;C:\Program Files (x86)\Intel\Intel(R) Management Engine Components\iCLS\;C:\Program Files\Intel\Intel(R) Management Engine Components\iCLS\;C:\WINDOWS\system32;C:\WINDOWS;C:\WINDOWS\System32\Wbem;C:\WINDOWS\System32\WindowsPowerShell\v1.0\;C:\WINDOWS\System32\OpenSSH\;C:\Program Files (x86)\Intel\Intel(R) Management Engine Components\DAL;C:\Program Files\Intel\Intel(R) Management Engine Components\DAL;C:\Program Files (x86)\Intel\Intel(R) Management Engine Components\IPT;C:\Program Files\Intel\Intel(R) Management Engine Components\IPT;C:\Program Files (x86)\Java\jdk1.8.0_241\bin;C:\Program Files\Apache Software Foundation\apache-maven-3.6.0\bin;C:\Users\Owner;C:\Program Files\PuTTY\;C:\Program Files\IBM\MQ\bin64;C:\Program Files\IBM\MQ\bin;C:\Program Files\IBM\MQ\tools\c\samples\bin64;C:\Program Files\IBM\MQ\tools\c\samples\bin;C:\Program Files\Git\cmd;C:\Program Files\nodejs\;C:\ProgramData\chocolatey\bin;C:\apache-zookeeper-3.6.0-bin\bin;C:\kafka_2.13-2.4.1\bin\windows;C:\Program Files\Docker\Docker\resources\bin;C:\ProgramData\DockerDesktop\version-bin;C:\Python27;C:\Users\Owner\AppData\Local\Programs\Python\Python37\Scripts\;C:\Users\Owner\AppData\Local\Programs\Python\Python37\;C:\Program Files\MySQL\MySQL Shell 8.0\bin\;C:\Program Files\Docker Toolbox;C:\Program Files\Docker Toolbox;C:\Users\Owner\AppData\Roaming\npm;C:\Users\Owner\AppData\Local\Programs\Microsoft VS Code\bin;C:\kafka_2.13-2.4.1\bin\windows;C:\Python27;C:\Program Files\JetBrains\PyCharm Community Edition 2020.1\bin;;;C:\Users\Owner\eclipse\jee-2018-123\eclipse;;.]
2020-05-07 17:47:24.218  INFO 15500 --- [localhost-startStop-1] o.a.c.c.C.[Tomcat].[localhost].[/]       : Initializing Spring embedded WebApplicationContext
2020-05-07 17:47:24.218  INFO 15500 --- [localhost-startStop-1] o.s.web.context.ContextLoader            : Root WebApplicationContext: initialization completed in 2233 ms
2020-05-07 17:47:24.323  INFO 15500 --- [localhost-startStop-1] o.s.b.w.servlet.ServletRegistrationBean  : Servlet dispatcherServlet mapped to [/]
2020-05-07 17:47:24.325  INFO 15500 --- [localhost-startStop-1] o.s.b.w.servlet.ServletRegistrationBean  : Servlet webServlet mapped to [/h2/*]
2020-05-07 17:47:24.327  INFO 15500 --- [localhost-startStop-1] o.s.b.w.servlet.FilterRegistrationBean   : Mapping filter: 'characterEncodingFilter' to: [/*]
2020-05-07 17:47:24.328  INFO 15500 --- [localhost-startStop-1] o.s.b.w.servlet.FilterRegistrationBean   : Mapping filter: 'hiddenHttpMethodFilter' to: [/*]
2020-05-07 17:47:24.328  INFO 15500 --- [localhost-startStop-1] o.s.b.w.servlet.FilterRegistrationBean   : Mapping filter: 'httpPutFormContentFilter' to: [/*]
2020-05-07 17:47:24.328  INFO 15500 --- [localhost-startStop-1] o.s.b.w.servlet.FilterRegistrationBean   : Mapping filter: 'requestContextFilter' to: [/*]
2020-05-07 17:47:24.473  INFO 15500 --- [main] com.zaxxer.hikari.HikariDataSource       : HikariPool-1 - Starting...
2020-05-07 17:47:24.714  INFO 15500 --- [main] com.zaxxer.hikari.HikariDataSource       : HikariPool-1 - Start completed.
2020-05-07 17:47:24.759  INFO 15500 --- [main] j.LocalContainerEntityManagerFactoryBean : Building JPA container EntityManagerFactory for persistence unit 'default'
2020-05-07 17:47:24.780  INFO 15500 --- [main] o.hibernate.jpa.internal.util.LogHelper  : HHH000204: Processing PersistenceUnitInfo [
	name: default
	...]
2020-05-07 17:47:24.876  INFO 15500 --- [main] org.hibernate.Version                    : HHH000412: Hibernate Core {5.2.17.Final}
2020-05-07 17:47:24.877  INFO 15500 --- [main] org.hibernate.cfg.Environment            : HHH000206: hibernate.properties not found
2020-05-07 17:47:24.928  INFO 15500 --- [main] o.hibernate.annotations.common.Version   : HCANN000001: Hibernate Commons Annotations {5.0.1.Final}
2020-05-07 17:47:25.093  INFO 15500 --- [main] org.hibernate.dialect.Dialect            : HHH000400: Using dialect: org.hibernate.dialect.H2Dialect
2020-05-07 17:47:25.648  INFO 15500 --- [main] j.LocalContainerEntityManagerFactoryBean : Initialized JPA EntityManagerFactory for persistence unit 'default'
2020-05-07 17:47:26.015  INFO 15500 --- [main] o.s.w.s.handler.SimpleUrlHandlerMapping  : Mapped URL path [/**/favicon.ico] onto handler of type [class org.springframework.web.servlet.resource.ResourceHttpRequestHandler]
2020-05-07 17:47:26.295  INFO 15500 --- [main] s.w.s.m.m.a.RequestMappingHandlerAdapter : Looking for @ControllerAdvice: org.springframework.boot.web.servlet.context.AnnotationConfigServletWebServerApplicationContext@1f3f4916: startup date [Thu May 07 17:47:21 BST 2020]; root of context hierarchy
2020-05-07 17:47:26.341  WARN 15500 --- [main] aWebConfiguration$JpaWebMvcConfiguration : spring.jpa.open-in-view is enabled by default. Therefore, database queries may be performed during view rendering. Explicitly configure spring.jpa.open-in-view to disable this warning
2020-05-07 17:47:26.378  INFO 15500 --- [main] s.w.s.m.m.a.RequestMappingHandlerMapping : Mapped "{[/all/persons],methods=[GET]}" onto public java.util.List<com.example.demo.model.Person> com.example.demo.controller.PersonController.findAll()
2020-05-07 17:47:26.380  INFO 15500 --- [main] s.w.s.m.m.a.RequestMappingHandlerMapping : Mapped "{[/error]}" onto public org.springframework.http.ResponseEntity<java.util.Map<java.lang.String, java.lang.Object>> org.springframework.boot.autoconfigure.web.servlet.error.BasicErrorController.error(javax.servlet.http.HttpServletRequest)
2020-05-07 17:47:26.381  INFO 15500 --- [main] s.w.s.m.m.a.RequestMappingHandlerMapping : Mapped "{[/error],produces=[text/html]}" onto public org.springframework.web.servlet.ModelAndView org.springframework.boot.autoconfigure.web.servlet.error.BasicErrorController.errorHtml(javax.servlet.http.HttpServletRequest,javax.servlet.http.HttpServletResponse)
2020-05-07 17:47:26.413  INFO 15500 --- [main] o.s.w.s.handler.SimpleUrlHandlerMapping  : Mapped URL path [/webjars/**] onto handler of type [class org.springframework.web.servlet.resource.ResourceHttpRequestHandler]
2020-05-07 17:47:26.413  INFO 15500 --- [main] o.s.w.s.handler.SimpleUrlHandlerMapping  : Mapped URL path [/**] onto handler of type [class org.springframework.web.servlet.resource.ResourceHttpRequestHandler]
2020-05-07 17:47:26.662  INFO 15500 --- [main] o.s.j.e.a.AnnotationMBeanExporter        : Registering beans for JMX exposure on startup
2020-05-07 17:47:26.664  INFO 15500 --- [main] o.s.j.e.a.AnnotationMBeanExporter        : Bean with name 'dataSource' has been autodetected for JMX exposure
2020-05-07 17:47:26.668  INFO 15500 --- [main] o.s.j.e.a.AnnotationMBeanExporter        : Located MBean 'dataSource': registering with JMX server as MBean [com.zaxxer.hikari:name=dataSource,type=HikariDataSource]
2020-05-07 17:47:26.705  INFO 15500 --- [main] o.s.b.w.embedded.tomcat.TomcatWebServer  : Tomcat started on port(s): 9090 (http) with context path ''
2020-05-07 17:47:26.707  INFO 15500 --- [main] gilgProjectLnfoInExternalFileApplication : Started LoggilgProjectLnfoInExternalFileApplication in 5.19 seconds (JVM running for 5.64)
2020-05-07 17:47:26.709  INFO 15500 --- [main] gilgProjectLnfoInExternalFileApplication : Person [firstName=conroy, lastname= white, address=32 marstan avenue, email=conroyaw@gmail.com, number=079320145678]
2020-05-07 17:47:26.771  INFO 15500 --- [main] gilgProjectLnfoInExternalFileApplication : Person [firstName=timothy, lastname= white, address=florida, email=timothyTw@gmail.com, number=079320145462]
2020-05-07 17:47:26.774  INFO 15500 --- [main] gilgProjectLnfoInExternalFileApplication : Person [firstName=victor, lastname= white, address=wembley, email=victyoraw@gmail.com, number=0793207894]
2020-05-07 17:47:26.775  INFO 15500 --- [main] gilgProjectLnfoInExternalFileApplication : Person [firstName=Stephen, lastname= white, address=luton, email=stephen@gmail.com, number=0793207890]
2020-05-07 17:47:26.777  INFO 15500 --- [main] gilgProjectLnfoInExternalFileApplication : Person [firstName=louise, lastname= blackwood, address=watford, email=louise@gmail.com, number=079320146398]
2020-05-07 17:47:26.778  INFO 15500 --- [main] gilgProjectLnfoInExternalFileApplication : Person [firstName=carol, lastname= wjohnson, address=mandevill Jamaicca, email=carol@gmail.com, number=079320147418]
2020-05-07 17:47:26.780  INFO 15500 --- [main] gilgProjectLnfoInExternalFileApplication : Person [firstName=delroy, lastname= white, address=leicester, email=delroy@gmail.com, number=079320142589]
2020-05-07 17:47:26.782  INFO 15500 --- [main] gilgProjectLnfoInExternalFileApplication : Person [firstName=alin, lastname= just, address=new york, email=alvin@gmail.com, number=079320142369]
2020-05-07 17:47:26.783  INFO 15500 --- [main] gilgProjectLnfoInExternalFileApplication : Person [firstName=fitzroy, lastname= white, address=edgware, email=fitzroy@gmail.com, number=079320148794]
